[0913/024638.517:ERROR:browser_process_sub_thread.cc(221)] Waited 38 ms for network service
[0913/024744.778:ERROR:browser_process_sub_thread.cc(221)] Waited 35 ms for network service
[0913/041309.273:INFO:CONSOLE(180)] "Uncaught Error: System.InvalidOperationException: Could not execute method: showDevTools()  ---> System.Reflection.TargetInvocationException: 调用的目标发生了异常。 ---> System.Data.OleDb.OleDbException: 找不到可安装的 ISAM。
   在 System.Data.OleDb.OleDbConnectionInternal..ctor(OleDbConnectionString constr, OleDbConnection connection)
   在 System.Data.OleDb.OleDbConnectionFactory.CreateConnection(DbConnectionOptions options, DbConnectionPoolKey poolKey, Object poolGroupProviderInfo, DbConnectionPool pool, DbConnection owningObject)
   在 System.Data.ProviderBase.DbConnectionFactory.CreateConnection(DbConnectionOptions options, DbConnectionPoolKey poolKey, Object poolGroupProviderInfo, DbConnectionPool pool, DbConnection owningConnection, DbConnectionOptions userOptions)
   在 System.Data.ProviderBase.DbConnectionFactory.CreateNonPooledConnection(DbConnection owningConnection, DbConnectionPoolGroup poolGroup, DbConnectionOptions userOptions)
   在 System.Data.ProviderBase.DbConnectionFactory.TryGetConnection(DbConnection owningConnection, TaskCompletionSource`1 retry, DbConnectionOptions userOptions, DbConnectionInternal oldConnection, DbConnectionInternal& connection)
   在 System.Data.ProviderBase.DbConnectionInternal.TryOpenConnectionInternal(DbConnection outerConnection, DbConnectionFactory connectionFactory, TaskCompletionSource`1 retry, DbConnectionOptions userOptions)
   在 System.Data.ProviderBase.DbConnectionClosed.TryOpenConnection(DbConnection outerConnection, DbConnectionFactory connectionFactory, TaskCompletionSource`1 retry, DbConnectionOptions userOptions)
   在 System.Data.ProviderBase.DbConnectionInternal.OpenConnection(DbConnection outerConnection, DbConnectionFactory connectionFactory)
   在 System.Data.OleDb.OleDbConnection.Open()
   在 System.Data.Common.DbDataAdapter.FillInternal(DataSet dataset, DataTable[] datatables, Int32 startRecord, Int32 maxRecords, String srcTable, IDbCommand command, CommandBehavior behavior)
   在 System.Data.Common.DbDataAdapter.Fill(DataTable[] dataTables, Int32 startRecord, Int32 maxRecords, IDbCommand command, CommandBehavior behavior)
   在 System.Data.Common.DbDataAdapter.Fill(DataTable dataTable)
   在 CEF_test.getDatabaseData.getTableData() 位置 C:\Users\Administrator\Documents\Visual Studio 2015\Projects\CEF_test\CEF_test\getDatabaseData.cs:行号 20
   在 CEF_test.CefCustomObject.showDevTools() 位置 C:\Users\Administrator\Documents\Visual Studio 2015\Projects\CEF_test\CEF_test\CefCustomObject.cs:行号 29
   --- 内部异常堆栈跟踪的结尾 ---
   在 System.RuntimeMethodHandle.InvokeMethod(Object target, Object[] arguments, Signature sig, Boolean constructor)
   在 System.Reflection.RuntimeMethodInfo.UnsafeInvokeInternal(Object obj, Object[] parameters, Object[] arguments)
   在 System.Reflection.RuntimeMethodInfo.Invoke(Object obj, BindingFlags invokeAttr, Binder binder, Object[] parameters, CultureInfo culture)
   在 System.Reflection.MethodBase.Invoke(Object obj, Object[] parameters)
   在 CefSharp.Internals.JavascriptObjectRepository.TryCallMethod(Int64 objectId, String name, Object[] parameters, Object& result, String& exception) 位置 C:\projects\cefsharp\CefSharp\Internals\JavascriptObjectRepository.cs:行号 279
   --- 内部异常堆栈跟踪的结尾 ---
   在 CefSharp.Internals.JavascriptObjectRepository.TryCallMethod(Int64 objectId, String name, Object[] parameters, Object& result, String& exception) 位置 C:\projects\cefsharp\CefSharp\Internals\JavascriptObjectRepository.cs:行号 310", source: file:///C:/Users/Administrator/Documents/Visual%20Studio%202015/Projects/CEF_test/CEF_test/bin/x86/Release/pugongying/index.html (180)
[0913/041310.934:INFO:CONSOLE(180)] "Uncaught Error: System.InvalidOperationException: Could not execute method: showDevTools()  ---> System.Reflection.TargetInvocationException: 调用的目标发生了异常。 ---> System.Data.OleDb.OleDbException: 找不到可安装的 ISAM。
   在 System.Data.OleDb.OleDbConnectionInternal..ctor(OleDbConnectionString constr, OleDbConnection connection)
   在 System.Data.OleDb.OleDbConnectionFactory.CreateConnection(DbConnectionOptions options, DbConnectionPoolKey poolKey, Object poolGroupProviderInfo, DbConnectionPool pool, DbConnection owningObject)
   在 System.Data.ProviderBase.DbConnectionFactory.CreateConnection(DbConnectionOptions options, DbConnectionPoolKey poolKey, Object poolGroupProviderInfo, DbConnectionPool pool, DbConnection owningConnection, DbConnectionOptions userOptions)
   在 System.Data.ProviderBase.DbConnectionFactory.CreateNonPooledConnection(DbConnection owningConnection, DbConnectionPoolGroup poolGroup, DbConnectionOptions userOptions)
   在 System.Data.ProviderBase.DbConnectionFactory.TryGetConnection(DbConnection owningConnection, TaskCompletionSource`1 retry, DbConnectionOptions userOptions, DbConnectionInternal oldConnection, DbConnectionInternal& connection)
   在 System.Data.ProviderBase.DbConnectionInternal.TryOpenConnectionInternal(DbConnection outerConnection, DbConnectionFactory connectionFactory, TaskCompletionSource`1 retry, DbConnectionOptions userOptions)
   在 System.Data.ProviderBase.DbConnectionClosed.TryOpenConnection(DbConnection outerConnection, DbConnectionFactory connectionFactory, TaskCompletionSource`1 retry, DbConnectionOptions userOptions)
   在 System.Data.ProviderBase.DbConnectionInternal.OpenConnection(DbConnection outerConnection, DbConnectionFactory connectionFactory)
   在 System.Data.OleDb.OleDbConnection.Open()
   在 System.Data.Common.DbDataAdapter.FillInternal(DataSet dataset, DataTable[] datatables, Int32 startRecord, Int32 maxRecords, String srcTable, IDbCommand command, CommandBehavior behavior)
   在 System.Data.Common.DbDataAdapter.Fill(DataTable[] dataTables, Int32 startRecord, Int32 maxRecords, IDbCommand command, CommandBehavior behavior)
   在 System.Data.Common.DbDataAdapter.Fill(DataTable dataTable)
   在 CEF_test.getDatabaseData.getTableData() 位置 C:\Users\Administrator\Documents\Visual Studio 2015\Projects\CEF_test\CEF_test\getDatabaseData.cs:行号 20
   在 CEF_test.CefCustomObject.showDevTools() 位置 C:\Users\Administrator\Documents\Visual Studio 2015\Projects\CEF_test\CEF_test\CefCustomObject.cs:行号 29
   --- 内部异常堆栈跟踪的结尾 ---
   在 System.RuntimeMethodHandle.InvokeMethod(Object target, Object[] arguments, Signature sig, Boolean constructor)
   在 System.Reflection.RuntimeMethodInfo.UnsafeInvokeInternal(Object obj, Object[] parameters, Object[] arguments)
   在 System.Reflection.RuntimeMethodInfo.Invoke(Object obj, BindingFlags invokeAttr, Binder binder, Object[] parameters, CultureInfo culture)
   在 System.Reflection.MethodBase.Invoke(Object obj, Object[] parameters)
   在 CefSharp.Internals.JavascriptObjectRepository.TryCallMethod(Int64 objectId, String name, Object[] parameters, Object& result, String& exception) 位置 C:\projects\cefsharp\CefSharp\Internals\JavascriptObjectRepository.cs:行号 279
   --- 内部异常堆栈跟踪的结尾 ---
   在 CefSharp.Internals.JavascriptObjectRepository.TryCallMethod(Int64 objectId, String name, Object[] parameters, Object& result, String& exception) 位置 C:\projects\cefsharp\CefSharp\Internals\JavascriptObjectRepository.cs:行号 310", source: file:///C:/Users/Administrator/Documents/Visual%20Studio%202015/Projects/CEF_test/CEF_test/bin/x86/Release/pugongying/index.html (180)
[0913/041401.361:INFO:CONSOLE(180)] "Uncaught Error: System.InvalidOperationException: Could not execute method: showDevTools()  ---> System.Reflection.TargetInvocationException: 调用的目标发生了异常。 ---> System.Data.OleDb.OleDbException: 找不到可安装的 ISAM。
   在 System.Data.OleDb.OleDbConnectionInternal..ctor(OleDbConnectionString constr, OleDbConnection connection)
   在 System.Data.OleDb.OleDbConnectionFactory.CreateConnection(DbConnectionOptions options, DbConnectionPoolKey poolKey, Object poolGroupProviderInfo, DbConnectionPool pool, DbConnection owningObject)
   在 System.Data.ProviderBase.DbConnectionFactory.CreateConnection(DbConnectionOptions options, DbConnectionPoolKey poolKey, Object poolGroupProviderInfo, DbConnectionPool pool, DbConnection owningConnection, DbConnectionOptions userOptions)
   在 System.Data.ProviderBase.DbConnectionFactory.CreateNonPooledConnection(DbConnection owningConnection, DbConnectionPoolGroup poolGroup, DbConnectionOptions userOptions)
   在 System.Data.ProviderBase.DbConnectionFactory.TryGetConnection(DbConnection owningConnection, TaskCompletionSource`1 retry, DbConnectionOptions userOptions, DbConnectionInternal oldConnection, DbConnectionInternal& connection)
   在 System.Data.ProviderBase.DbConnectionInternal.TryOpenConnectionInternal(DbConnection outerConnection, DbConnectionFactory connectionFactory, TaskCompletionSource`1 retry, DbConnectionOptions userOptions)
   在 System.Data.ProviderBase.DbConnectionClosed.TryOpenConnection(DbConnection outerConnection, DbConnectionFactory connectionFactory, TaskCompletionSource`1 retry, DbConnectionOptions userOptions)
   在 System.Data.ProviderBase.DbConnectionInternal.OpenConnection(DbConnection outerConnection, DbConnectionFactory connectionFactory)
   在 System.Data.OleDb.OleDbConnection.Open()
   在 System.Data.Common.DbDataAdapter.FillInternal(DataSet dataset, DataTable[] datatables, Int32 startRecord, Int32 maxRecords, String srcTable, IDbCommand command, CommandBehavior behavior)
   在 System.Data.Common.DbDataAdapter.Fill(DataTable[] dataTables, Int32 startRecord, Int32 maxRecords, IDbCommand command, CommandBehavior behavior)
   在 System.Data.Common.DbDataAdapter.Fill(DataTable dataTable)
   在 CEF_test.getDatabaseData.getTableData() 位置 C:\Users\Administrator\Documents\Visual Studio 2015\Projects\CEF_test\CEF_test\getDatabaseData.cs:行号 20
   在 CEF_test.CefCustomObject.showDevTools() 位置 C:\Users\Administrator\Documents\Visual Studio 2015\Projects\CEF_test\CEF_test\CefCustomObject.cs:行号 30
   --- 内部异常堆栈跟踪的结尾 ---
   在 System.RuntimeMethodHandle.InvokeMethod(Object target, Object[] arguments, Signature sig, Boolean constructor)
   在 System.Reflection.RuntimeMethodInfo.UnsafeInvokeInternal(Object obj, Object[] parameters, Object[] arguments)
   在 System.Reflection.RuntimeMethodInfo.Invoke(Object obj, BindingFlags invokeAttr, Binder binder, Object[] parameters, CultureInfo culture)
   在 System.Reflection.MethodBase.Invoke(Object obj, Object[] parameters)
   在 CefSharp.Internals.JavascriptObjectRepository.TryCallMethod(Int64 objectId, String name, Object[] parameters, Object& result, String& exception) 位置 C:\projects\cefsharp\CefSharp\Internals\JavascriptObjectRepository.cs:行号 279
   --- 内部异常堆栈跟踪的结尾 ---
   在 CefSharp.Internals.JavascriptObjectRepository.TryCallMethod(Int64 objectId, String name, Object[] parameters, Object& result, String& exception) 位置 C:\projects\cefsharp\CefSharp\Internals\JavascriptObjectRepository.cs:行号 310", source: file:///C:/Users/Administrator/Documents/Visual%20Studio%202015/Projects/CEF_test/CEF_test/bin/x86/Release/pugongying/index.html (180)
[0913/041633.004:ERROR:browser_process_sub_thread.cc(221)] Waited 24 ms for network service
[0913/041655.747:ERROR:browser_process_sub_thread.cc(221)] Waited 22 ms for network service
[0913/041724.638:ERROR:browser_process_sub_thread.cc(221)] Waited 22 ms for network service
[0913/042028.886:INFO:CONSOLE(180)] "Uncaught Error: System.InvalidOperationException: Could not execute method: returnData()  ---> System.Reflection.TargetInvocationException: 调用的目标发生了异常。 ---> System.Data.OleDb.OleDbException: 找不到可安装的 ISAM。
   在 System.Data.OleDb.OleDbConnectionInternal..ctor(OleDbConnectionString constr, OleDbConnection connection)
   在 System.Data.OleDb.OleDbConnectionFactory.CreateConnection(DbConnectionOptions options, DbConnectionPoolKey poolKey, Object poolGroupProviderInfo, DbConnectionPool pool, DbConnection owningObject)
   在 System.Data.ProviderBase.DbConnectionFactory.CreateConnection(DbConnectionOptions options, DbConnectionPoolKey poolKey, Object poolGroupProviderInfo, DbConnectionPool pool, DbConnection owningConnection, DbConnectionOptions userOptions)
   在 System.Data.ProviderBase.DbConnectionFactory.CreateNonPooledConnection(DbConnection owningConnection, DbConnectionPoolGroup poolGroup, DbConnectionOptions userOptions)
   在 System.Data.ProviderBase.DbConnectionFactory.TryGetConnection(DbConnection owningConnection, TaskCompletionSource`1 retry, DbConnectionOptions userOptions, DbConnectionInternal oldConnection, DbConnectionInternal& connection)
   在 System.Data.ProviderBase.DbConnectionInternal.TryOpenConnectionInternal(DbConnection outerConnection, DbConnectionFactory connectionFactory, TaskCompletionSource`1 retry, DbConnectionOptions userOptions)
   在 System.Data.ProviderBase.DbConnectionClosed.TryOpenConnection(DbConnection outerConnection, DbConnectionFactory connectionFactory, TaskCompletionSource`1 retry, DbConnectionOptions userOptions)
   在 System.Data.ProviderBase.DbConnectionInternal.OpenConnection(DbConnection outerConnection, DbConnectionFactory connectionFactory)
   在 System.Data.OleDb.OleDbConnection.Open()
   在 System.Data.Common.DbDataAdapter.FillInternal(DataSet dataset, DataTable[] datatables, Int32 startRecord, Int32 maxRecords, String srcTable, IDbCommand command, CommandBehavior behavior)
   在 System.Data.Common.DbDataAdapter.Fill(DataTable[] dataTables, Int32 startRecord, Int32 maxRecords, IDbCommand command, CommandBehavior behavior)
   在 System.Data.Common.DbDataAdapter.Fill(DataTable dataTable)
   在 CEF_test.getDatabaseData.getTableData() 位置 C:\Users\Administrator\Documents\Visual Studio 2015\Projects\CEF_test\CEF_test\getDatabaseData.cs:行号 20
   在 CEF_test.CefCustomObject.returnData() 位置 C:\Users\Administrator\Documents\Visual Studio 2015\Projects\CEF_test\CEF_test\CefCustomObject.cs:行号 40
   --- 内部异常堆栈跟踪的结尾 ---
   在 System.RuntimeMethodHandle.InvokeMethod(Object target, Object[] arguments, Signature sig, Boolean constructor)
   在 System.Reflection.RuntimeMethodInfo.UnsafeInvokeInternal(Object obj, Object[] parameters, Object[] arguments)
   在 System.Reflection.RuntimeMethodInfo.Invoke(Object obj, BindingFlags invokeAttr, Binder binder, Object[] parameters, CultureInfo culture)
   在 System.Reflection.MethodBase.Invoke(Object obj, Object[] parameters)
   在 CefSharp.Internals.JavascriptObjectRepository.TryCallMethod(Int64 objectId, String name, Object[] parameters, Object& result, String& exception) 位置 C:\projects\cefsharp\CefSharp\Internals\JavascriptObjectRepository.cs:行号 279
   --- 内部异常堆栈跟踪的结尾 ---
   在 CefSharp.Internals.JavascriptObjectRepository.TryCallMethod(Int64 objectId, String name, Object[] parameters, Object& result, String& exception) 位置 C:\projects\cefsharp\CefSharp\Internals\JavascriptObjectRepository.cs:行号 310", source: file:///C:/Users/Administrator/Documents/Visual%20Studio%202015/Projects/CEF_test/CEF_test/bin/x86/Release/pugongying/index.html (180)
[0913/042734.396:INFO:CONSOLE(1)] "Uncaught TypeError: i.parents is not a function", source: file:///C:/Users/Administrator/Documents/Visual%20Studio%202015/Projects/CEF_test/CEF_test/bin/x86/Release/pugongying/js/layer.min.js (1)
[0913/042806.900:INFO:CONSOLE(1)] "Uncaught TypeError: i.parents is not a function", source: file:///C:/Users/Administrator/Documents/Visual%20Studio%202015/Projects/CEF_test/CEF_test/bin/x86/Release/pugongying/js/layer.min.js (1)
[0913/042815.119:INFO:CONSOLE(1)] "Uncaught TypeError: i.parents is not a function", source: file:///C:/Users/Administrator/Documents/Visual%20Studio%202015/Projects/CEF_test/CEF_test/bin/x86/Release/pugongying/js/layer.min.js (1)
[0913/042827.234:INFO:CONSOLE(1)] "Uncaught TypeError: i.parents is not a function", source: file:///C:/Users/Administrator/Documents/Visual%20Studio%202015/Projects/CEF_test/CEF_test/bin/x86/Release/pugongying/js/layer.min.js (1)
[0913/042921.287:INFO:CONSOLE(1)] "Uncaught TypeError: i.parents is not a function", source: file:///C:/Users/Administrator/Documents/Visual%20Studio%202015/Projects/CEF_test/CEF_test/bin/x86/Release/pugongying/js/layer.min.js (1)
[0913/042930.778:ERROR:browser_process_sub_thread.cc(221)] Waited 22 ms for network service
[0913/045318.864:INFO:CONSOLE(180)] "Uncaught ReferenceError: onQ is not defined", source: file:///C:/Users/Administrator/Documents/Visual%20Studio%202015/Projects/CEF_test/CEF_test/bin/x86/Release/pugongying/index.html (180)
[0913/045320.130:INFO:CONSOLE(180)] "Uncaught ReferenceError: onQ is not defined", source: file:///C:/Users/Administrator/Documents/Visual%20Studio%202015/Projects/CEF_test/CEF_test/bin/x86/Release/pugongying/index.html (180)
[0913/045320.610:INFO:CONSOLE(180)] "Uncaught ReferenceError: onQ is not defined", source: file:///C:/Users/Administrator/Documents/Visual%20Studio%202015/Projects/CEF_test/CEF_test/bin/x86/Release/pugongying/index.html (180)
[0913/045320.791:INFO:CONSOLE(180)] "Uncaught ReferenceError: onQ is not defined", source: file:///C:/Users/Administrator/Documents/Visual%20Studio%202015/Projects/CEF_test/CEF_test/bin/x86/Release/pugongying/index.html (180)
[0913/045735.257:INFO:CONSOLE(86)] "Uncaught TypeError: Cannot read property 'length' of null", source: file:///C:/Users/Administrator/Documents/Visual%20Studio%202015/Projects/CEF_test/CEF_test/bin/x86/Release/pugongying/js/table.js (86)
[0913/045827.386:INFO:CONSOLE(86)] "Uncaught TypeError: Cannot read property 'length' of null", source: file:///C:/Users/Administrator/Documents/Visual%20Studio%202015/Projects/CEF_test/CEF_test/bin/x86/Release/pugongying/js/table.js (86)
[0913/052147.041:INFO:CONSOLE(1)] "Uncaught SyntaxError: missing ) after argument list", source: file:///C:/Users/Administrator/Documents/Visual%20Studio%202015/Projects/CEF_test/CEF_test/bin/x86/Release/pugongying/index.html (1)
[0913/052343.284:INFO:CONSOLE(1)] "Uncaught SyntaxError: missing ) after argument list", source: file:///C:/Users/Administrator/Documents/Visual%20Studio%202015/Projects/CEF_test/CEF_test/bin/x86/Release/pugongying/index.html (1)
[0913/052430.537:INFO:CONSOLE(1)] "Uncaught SyntaxError: missing ) after argument list", source: file:///C:/Users/Administrator/Documents/Visual%20Studio%202015/Projects/CEF_test/CEF_test/bin/x86/Release/pugongying/index.html (1)
[0913/052431.047:INFO:CONSOLE(1)] "Uncaught SyntaxError: missing ) after argument list", source: file:///C:/Users/Administrator/Documents/Visual%20Studio%202015/Projects/CEF_test/CEF_test/bin/x86/Release/pugongying/index.html (1)
[0913/052431.233:INFO:CONSOLE(1)] "Uncaught SyntaxError: missing ) after argument list", source: file:///C:/Users/Administrator/Documents/Visual%20Studio%202015/Projects/CEF_test/CEF_test/bin/x86/Release/pugongying/index.html (1)
[0913/052431.408:INFO:CONSOLE(1)] "Uncaught SyntaxError: missing ) after argument list", source: file:///C:/Users/Administrator/Documents/Visual%20Studio%202015/Projects/CEF_test/CEF_test/bin/x86/Release/pugongying/index.html (1)
[0913/052434.891:INFO:CONSOLE(1)] "Uncaught SyntaxError: missing ) after argument list", source: file:///C:/Users/Administrator/Documents/Visual%20Studio%202015/Projects/CEF_test/CEF_test/bin/x86/Release/pugongying/index.html (1)
[0913/052441.984:ERROR:shader_disk_cache.cc(258)] Failed to create shader cache entry: -2
[0913/052517.389:INFO:CONSOLE(1)] "Uncaught SyntaxError: missing ) after argument list", source: file:///C:/Users/Administrator/Documents/Visual%20Studio%202015/Projects/CEF_test/CEF_test/bin/x86/Release/pugongying/index.html (1)
[0913/052519.726:INFO:CONSOLE(1)] "Uncaught SyntaxError: missing ) after argument list", source: file:///C:/Users/Administrator/Documents/Visual%20Studio%202015/Projects/CEF_test/CEF_test/bin/x86/Release/pugongying/index.html (1)
[0913/052519.898:INFO:CONSOLE(1)] "Uncaught SyntaxError: missing ) after argument list", source: file:///C:/Users/Administrator/Documents/Visual%20Studio%202015/Projects/CEF_test/CEF_test/bin/x86/Release/pugongying/index.html (1)
[0913/052520.065:INFO:CONSOLE(1)] "Uncaught SyntaxError: missing ) after argument list", source: file:///C:/Users/Administrator/Documents/Visual%20Studio%202015/Projects/CEF_test/CEF_test/bin/x86/Release/pugongying/index.html (1)
[0913/052520.248:INFO:CONSOLE(1)] "Uncaught SyntaxError: missing ) after argument list", source: file:///C:/Users/Administrator/Documents/Visual%20Studio%202015/Projects/CEF_test/CEF_test/bin/x86/Release/pugongying/index.html (1)
[0913/052529.876:INFO:CONSOLE(1)] "Uncaught SyntaxError: missing ) after argument list", source: file:///C:/Users/Administrator/Documents/Visual%20Studio%202015/Projects/CEF_test/CEF_test/bin/x86/Release/pugongying/index.html (1)
[0913/052625.853:INFO:CONSOLE(1)] "Uncaught SyntaxError: Unexpected identifier", source: file:///C:/Users/Administrator/Documents/Visual%20Studio%202015/Projects/CEF_test/CEF_test/bin/x86/Release/pugongying/index.html (1)
[0913/052639.688:INFO:CONSOLE(1)] "Uncaught SyntaxError: Unexpected identifier", source: file:///C:/Users/Administrator/Documents/Visual%20Studio%202015/Projects/CEF_test/CEF_test/bin/x86/Release/pugongying/index.html (1)
[0913/052739.715:INFO:CONSOLE(1)] "Uncaught SyntaxError: Unexpected identifier", source: file:///C:/Users/Administrator/Documents/Visual%20Studio%202015/Projects/CEF_test/CEF_test/bin/x86/Release/pugongying/index.html (1)
[0913/052747.751:INFO:CONSOLE(1)] "Uncaught SyntaxError: Unexpected identifier", source: file:///C:/Users/Administrator/Documents/Visual%20Studio%202015/Projects/CEF_test/CEF_test/bin/x86/Release/pugongying/index.html (1)
[0913/052806.038:INFO:CONSOLE(1)] "Uncaught SyntaxError: Unexpected identifier", source: file:///C:/Users/Administrator/Documents/Visual%20Studio%202015/Projects/CEF_test/CEF_test/bin/x86/Release/pugongying/index.html (1)
[0913/052925.003:INFO:CONSOLE(1)] "Uncaught SyntaxError: Unexpected identifier", source: file:///C:/Users/Administrator/Documents/Visual%20Studio%202015/Projects/CEF_test/CEF_test/bin/x86/Release/pugongying/index.html (1)
[0913/052932.945:INFO:CONSOLE(1)] "Uncaught SyntaxError: Unexpected identifier", source: file:///C:/Users/Administrator/Documents/Visual%20Studio%202015/Projects/CEF_test/CEF_test/bin/x86/Release/pugongying/index.html (1)
[0913/053001.115:INFO:CONSOLE(1)] "Uncaught SyntaxError: Unexpected identifier", source: file:///C:/Users/Administrator/Documents/Visual%20Studio%202015/Projects/CEF_test/CEF_test/bin/x86/Release/pugongying/index.html (1)
[0913/053006.933:INFO:CONSOLE(1)] "Uncaught SyntaxError: Unexpected identifier", source: file:///C:/Users/Administrator/Documents/Visual%20Studio%202015/Projects/CEF_test/CEF_test/bin/x86/Release/pugongying/index.html (1)
[0913/053212.772:INFO:CONSOLE(1)] "Uncaught SyntaxError: Unexpected identifier", source: file:///C:/Users/Administrator/Documents/Visual%20Studio%202015/Projects/CEF_test/CEF_test/bin/x86/Release/pugongying/index.html (1)
[0913/053221.078:INFO:CONSOLE(1)] "Uncaught SyntaxError: Unexpected identifier", source: file:///C:/Users/Administrator/Documents/Visual%20Studio%202015/Projects/CEF_test/CEF_test/bin/x86/Release/pugongying/index.html (1)
[0913/053239.605:INFO:CONSOLE(1)] "Uncaught SyntaxError: Unexpected identifier", source: file:///C:/Users/Administrator/Documents/Visual%20Studio%202015/Projects/CEF_test/CEF_test/bin/x86/Release/pugongying/index.html (1)
[0913/053240.259:INFO:CONSOLE(1)] "Uncaught SyntaxError: Unexpected identifier", source: file:///C:/Users/Administrator/Documents/Visual%20Studio%202015/Projects/CEF_test/CEF_test/bin/x86/Release/pugongying/index.html (1)
[0913/053240.437:INFO:CONSOLE(1)] "Uncaught SyntaxError: Unexpected identifier", source: file:///C:/Users/Administrator/Documents/Visual%20Studio%202015/Projects/CEF_test/CEF_test/bin/x86/Release/pugongying/index.html (1)
[0913/053240.620:INFO:CONSOLE(1)] "Uncaught SyntaxError: Unexpected identifier", source: file:///C:/Users/Administrator/Documents/Visual%20Studio%202015/Projects/CEF_test/CEF_test/bin/x86/Release/pugongying/index.html (1)
[0913/053240.801:INFO:CONSOLE(1)] "Uncaught SyntaxError: Unexpected identifier", source: file:///C:/Users/Administrator/Documents/Visual%20Studio%202015/Projects/CEF_test/CEF_test/bin/x86/Release/pugongying/index.html (1)
[0913/053240.972:INFO:CONSOLE(1)] "Uncaught SyntaxError: Unexpected identifier", source: file:///C:/Users/Administrator/Documents/Visual%20Studio%202015/Projects/CEF_test/CEF_test/bin/x86/Release/pugongying/index.html (1)
[0913/053247.979:INFO:CONSOLE(1)] "Uncaught SyntaxError: Unexpected identifier", source: file:///C:/Users/Administrator/Documents/Visual%20Studio%202015/Projects/CEF_test/CEF_test/bin/x86/Release/pugongying/index.html (1)
[0913/053248.423:INFO:CONSOLE(1)] "Uncaught SyntaxError: Unexpected identifier", source: file:///C:/Users/Administrator/Documents/Visual%20Studio%202015/Projects/CEF_test/CEF_test/bin/x86/Release/pugongying/index.html (1)
[0913/053248.601:INFO:CONSOLE(1)] "Uncaught SyntaxError: Unexpected identifier", source: file:///C:/Users/Administrator/Documents/Visual%20Studio%202015/Projects/CEF_test/CEF_test/bin/x86/Release/pugongying/index.html (1)
[0913/053404.187:INFO:CONSOLE(1)] "Uncaught SyntaxError: Unexpected identifier", source: file:///C:/Users/Administrator/Documents/Visual%20Studio%202015/Projects/CEF_test/CEF_test/bin/x86/Release/pugongying/index.html (1)
[0913/053411.977:ERROR:browser_process_sub_thread.cc(221)] Waited 22 ms for network service
[0913/053506.186:ERROR:browser_process_sub_thread.cc(221)] Waited 25 ms for network service
[0913/053529.639:ERROR:browser_process_sub_thread.cc(221)] Waited 31 ms for network service
[0913/053656.903:ERROR:browser_process_sub_thread.cc(221)] Waited 22 ms for network service
[0913/053725.350:INFO:CONSOLE(1)] "Uncaught SyntaxError: Unexpected identifier", source: file:///C:/Users/Administrator/Documents/Visual%20Studio%202015/Projects/CEF_test/CEF_test/bin/x86/Release/pugongying/index.html (1)
[0913/053727.451:ERROR:browser_process_sub_thread.cc(221)] Waited 24 ms for network service
[0913/060042.054:ERROR:browser_process_sub_thread.cc(221)] Waited 22 ms for network service
[0913/060304.274:ERROR:browser_process_sub_thread.cc(221)] Waited 23 ms for network service
[0913/060839.632:INFO:CONSOLE(1)] "Uncaught SyntaxError: Unexpected identifier", source: file:///C:/Users/Administrator/Documents/Visual%20Studio%202015/Projects/CEF_test/CEF_test/bin/x86/Release/pugongying/index.html (1)
[0913/060849.809:INFO:CONSOLE(1)] "Uncaught SyntaxError: Unexpected identifier", source: file:///C:/Users/Administrator/Documents/Visual%20Studio%202015/Projects/CEF_test/CEF_test/bin/x86/Release/pugongying/index.html (1)
[0913/061127.793:INFO:CONSOLE(3)] "Uncaught TypeError: Cannot read property 'rownumbers' of undefined", source: file:///C:/Users/Administrator/Documents/Visual%20Studio%202015/Projects/CEF_test/CEF_test/bin/x86/Release/pugongying/js/jquery.jqGrid.min.js (3)
[0913/061129.607:INFO:CONSOLE(3)] "Uncaught TypeError: Cannot read property 'rownumbers' of undefined", source: file:///C:/Users/Administrator/Documents/Visual%20Studio%202015/Projects/CEF_test/CEF_test/bin/x86/Release/pugongying/js/jquery.jqGrid.min.js (3)
[0913/061149.509:INFO:CONSOLE(3)] "Uncaught TypeError: Cannot read property 'rownumbers' of undefined", source: file:///C:/Users/Administrator/Documents/Visual%20Studio%202015/Projects/CEF_test/CEF_test/bin/x86/Release/pugongying/js/jquery.jqGrid.min.js (3)
[0913/061420.302:INFO:CONSOLE(1)] "Uncaught SyntaxError: Unexpected identifier", source: file:///C:/Users/Administrator/Documents/Visual%20Studio%202015/Projects/CEF_test/CEF_test/bin/x86/Release/pugongying/index.html (1)
[0914/052315.350:INFO:CONSOLE(1)] "Uncaught SyntaxError: Unexpected identifier", source: file:///C:/Users/Administrator/Documents/Visual%20Studio%202015/Projects/CEF_test/CEF_test/bin/x86/Release/pugongying/index.html (1)
[0914/055342.702:ERROR:browser_process_sub_thread.cc(221)] Waited 33 ms for network service
[0914/062157.008:INFO:CONSOLE(48)] "Uncaught TypeError: Cannot set property 'className' of null", source: file:///C:/Users/Administrator/Documents/Visual%20Studio%202015/Projects/CEF_test/CEF_test/bin/x86/Release/pugongying/js/hxjzg.js (48)
[0914/062157.024:INFO:CONSOLE(48)] "Uncaught TypeError: Cannot set property 'className' of null", source: file:///C:/Users/Administrator/Documents/Visual%20Studio%202015/Projects/CEF_test/CEF_test/bin/x86/Release/pugongying/js/hxjzg.js (48)
[0914/062157.039:INFO:CONSOLE(48)] "Uncaught TypeError: Cannot set property 'className' of null", source: file:///C:/Users/Administrator/Documents/Visual%20Studio%202015/Projects/CEF_test/CEF_test/bin/x86/Release/pugongying/js/hxjzg.js (48)
[0914/062157.056:INFO:CONSOLE(48)] "Uncaught TypeError: Cannot set property 'className' of null", source: file:///C:/Users/Administrator/Documents/Visual%20Studio%202015/Projects/CEF_test/CEF_test/bin/x86/Release/pugongying/js/hxjzg.js (48)
[0914/062157.073:INFO:CONSOLE(48)] "Uncaught TypeError: Cannot set property 'className' of null", source: file:///C:/Users/Administrator/Documents/Visual%20Studio%202015/Projects/CEF_test/CEF_test/bin/x86/Release/pugongying/js/hxjzg.js (48)
[0914/062157.090:INFO:CONSOLE(48)] "Uncaught TypeError: Cannot set property 'className' of null", source: file:///C:/Users/Administrator/Documents/Visual%20Studio%202015/Projects/CEF_test/CEF_test/bin/x86/Release/pugongying/js/hxjzg.js (48)
[0914/062157.107:INFO:CONSOLE(48)] "Uncaught TypeError: Cannot set property 'className' of null", source: file:///C:/Users/Administrator/Documents/Visual%20Studio%202015/Projects/CEF_test/CEF_test/bin/x86/Release/pugongying/js/hxjzg.js (48)
[0914/062157.228:INFO:CONSOLE(48)] "Uncaught TypeError: Cannot set property 'className' of null", source: file:///C:/Users/Administrator/Documents/Visual%20Studio%202015/Projects/CEF_test/CEF_test/bin/x86/Release/pugongying/js/hxjzg.js (48)
[0914/062157.228:INFO:CONSOLE(48)] "Uncaught TypeError: Cannot set property 'className' of null", source: file:///C:/Users/Administrator/Documents/Visual%20Studio%202015/Projects/CEF_test/CEF_test/bin/x86/Release/pugongying/js/hxjzg.js (48)
[0914/062157.229:INFO:CONSOLE(48)] "Uncaught TypeError: Cannot set property 'className' of null", source: file:///C:/Users/Administrator/Documents/Visual%20Studio%202015/Projects/CEF_test/CEF_test/bin/x86/Release/pugongying/js/hxjzg.js (48)
[0914/062157.229:INFO:CONSOLE(48)] "Uncaught TypeError: Cannot set property 'className' of null", source: file:///C:/Users/Administrator/Documents/Visual%20Studio%202015/Projects/CEF_test/CEF_test/bin/x86/Release/pugongying/js/hxjzg.js (48)
[0914/062157.428:INFO:CONSOLE(48)] "Uncaught TypeError: Cannot set property 'className' of null", source: file:///C:/Users/Administrator/Documents/Visual%20Studio%202015/Projects/CEF_test/CEF_test/bin/x86/Release/pugongying/js/hxjzg.js (48)
[0914/062157.756:INFO:CONSOLE(48)] "Uncaught TypeError: Cannot set property 'className' of null", source: file:///C:/Users/Administrator/Documents/Visual%20Studio%202015/Projects/CEF_test/CEF_test/bin/x86/Release/pugongying/js/hxjzg.js (48)
[0914/062157.771:INFO:CONSOLE(48)] "Uncaught TypeError: Cannot set property 'className' of null", source: file:///C:/Users/Administrator/Documents/Visual%20Studio%202015/Projects/CEF_test/CEF_test/bin/x86/Release/pugongying/js/hxjzg.js (48)
[0914/062157.788:INFO:CONSOLE(48)] "Uncaught TypeError: Cannot set property 'className' of null", source: file:///C:/Users/Administrator/Documents/Visual%20Studio%202015/Projects/CEF_test/CEF_test/bin/x86/Release/pugongying/js/hxjzg.js (48)
[0914/062157.806:INFO:CONSOLE(48)] "Uncaught TypeError: Cannot set property 'className' of null", source: file:///C:/Users/Administrator/Documents/Visual%20Studio%202015/Projects/CEF_test/CEF_test/bin/x86/Release/pugongying/js/hxjzg.js (48)
[0914/062157.824:INFO:CONSOLE(48)] "Uncaught TypeError: Cannot set property 'className' of null", source: file:///C:/Users/Administrator/Documents/Visual%20Studio%202015/Projects/CEF_test/CEF_test/bin/x86/Release/pugongying/js/hxjzg.js (48)
[0914/062157.838:INFO:CONSOLE(48)] "Uncaught TypeError: Cannot set property 'className' of null", source: file:///C:/Users/Administrator/Documents/Visual%20Studio%202015/Projects/CEF_test/CEF_test/bin/x86/Release/pugongying/js/hxjzg.js (48)
[0914/062157.857:INFO:CONSOLE(48)] "Uncaught TypeError: Cannot set property 'className' of null", source: file:///C:/Users/Administrator/Documents/Visual%20Studio%202015/Projects/CEF_test/CEF_test/bin/x86/Release/pugongying/js/hxjzg.js (48)
[0914/062157.872:INFO:CONSOLE(48)] "Uncaught TypeError: Cannot set property 'className' of null", source: file:///C:/Users/Administrator/Documents/Visual%20Studio%202015/Projects/CEF_test/CEF_test/bin/x86/Release/pugongying/js/hxjzg.js (48)
[0914/062157.888:INFO:CONSOLE(48)] "Uncaught TypeError: Cannot set property 'className' of null", source: file:///C:/Users/Administrator/Documents/Visual%20Studio%202015/Projects/CEF_test/CEF_test/bin/x86/Release/pugongying/js/hxjzg.js (48)
[0914/062158.029:INFO:CONSOLE(48)] "Uncaught TypeError: Cannot set property 'className' of null", source: file:///C:/Users/Administrator/Documents/Visual%20Studio%202015/Projects/CEF_test/CEF_test/bin/x86/Release/pugongying/js/hxjzg.js (48)
[0914/062158.029:INFO:CONSOLE(48)] "Uncaught TypeError: Cannot set property 'className' of null", source: file:///C:/Users/Administrator/Documents/Visual%20Studio%202015/Projects/CEF_test/CEF_test/bin/x86/Release/pugongying/js/hxjzg.js (48)
[0914/062158.030:INFO:CONSOLE(49)] "Uncaught TypeError: Cannot set property 'className' of null", source: file:///C:/Users/Administrator/Documents/Visual%20Studio%202015/Projects/CEF_test/CEF_test/bin/x86/Release/pugongying/js/hxjzg.js (49)
[0914/062238.136:ERROR:browser_process_sub_thread.cc(221)] Waited 26 ms for network service
[0914/062316.752:INFO:CONSOLE(1)] "Uncaught SyntaxError: Unexpected identifier", source: file:///C:/Users/Administrator/Documents/Visual%20Studio%202015/Projects/CEF_test/CEF_test/bin/x86/Release/pugongying/index.html (1)
[0914/062327.519:INFO:CONSOLE(1)] "Uncaught SyntaxError: Unexpected identifier", source: file:///C:/Users/Administrator/Documents/Visual%20Studio%202015/Projects/CEF_test/CEF_test/bin/x86/Release/pugongying/index.html (1)
[0914/062816.505:ERROR:browser_process_sub_thread.cc(221)] Waited 25 ms for network service
[0914/062904.372:ERROR:browser_process_sub_thread.cc(221)] Waited 27 ms for network service
[0914/063152.773:ERROR:browser_process_sub_thread.cc(221)] Waited 24 ms for network service
[0914/064555.846:INFO:CONSOLE(1)] "Uncaught SyntaxError: Unexpected identifier", source: file:///C:/Users/Administrator/Documents/Visual%20Studio%202015/Projects/CEF_test/CEF_test/bin/x86/Release/pugongying/index.html (1)
[0914/064600.122:INFO:CONSOLE(1)] "Uncaught SyntaxError: Unexpected identifier", source: file:///C:/Users/Administrator/Documents/Visual%20Studio%202015/Projects/CEF_test/CEF_test/bin/x86/Release/pugongying/index.html (1)
[0914/064604.800:INFO:CONSOLE(1)] "Uncaught SyntaxError: Unexpected identifier", source: file:///C:/Users/Administrator/Documents/Visual%20Studio%202015/Projects/CEF_test/CEF_test/bin/x86/Release/pugongying/index.html (1)
[0914/064605.224:INFO:CONSOLE(1)] "Uncaught SyntaxError: Unexpected identifier", source: file:///C:/Users/Administrator/Documents/Visual%20Studio%202015/Projects/CEF_test/CEF_test/bin/x86/Release/pugongying/index.html (1)
[0914/065051.308:INFO:CONSOLE(57)] "undefined", source: file:///C:/Users/Administrator/Documents/Visual%20Studio%202015/Projects/CEF_test/CEF_test/bin/x86/Release/pugongying/js/table.js (57)
[0914/065051.309:INFO:CONSOLE(58)] "[object Object]", source: file:///C:/Users/Administrator/Documents/Visual%20Studio%202015/Projects/CEF_test/CEF_test/bin/x86/Release/pugongying/js/table.js (58)
[0914/065051.310:INFO:CONSOLE(59)] "[object Object]", source: file:///C:/Users/Administrator/Documents/Visual%20Studio%202015/Projects/CEF_test/CEF_test/bin/x86/Release/pugongying/js/table.js (59)
[0914/065103.652:INFO:CONSOLE(1)] "Uncaught SyntaxError: Unexpected identifier", source: file:///C:/Users/Administrator/Documents/Visual%20Studio%202015/Projects/CEF_test/CEF_test/bin/x86/Release/pugongying/index.html (1)
[0914/065108.571:ERROR:CONSOLE(24)] "Empty response arrived for script 'chrome-devtools://devtools/product_registry_impl/product_registry_impl_module.js'", source: chrome-devtools://devtools/shell.js (24)
[0914/065108.581:ERROR:CONSOLE(108)] "Uncaught (in promise) Error: Could not instantiate: ProductRegistryImpl.Registry", source: chrome-devtools://devtools/shell.js (108)
[0914/065108.582:ERROR:CONSOLE(108)] "Uncaught (in promise) Error: Could not instantiate: ProductRegistryImpl.Registry", source: chrome-devtools://devtools/shell.js (108)
[0914/065109.788:ERROR:CONSOLE(108)] "Uncaught (in promise) Error: Could not instantiate: ProductRegistryImpl.Registry", source: chrome-devtools://devtools/shell.js (108)
[0914/065109.789:ERROR:CONSOLE(108)] "Uncaught (in promise) Error: Could not instantiate: ProductRegistryImpl.Registry", source: chrome-devtools://devtools/shell.js (108)
[0914/065109.790:ERROR:CONSOLE(108)] "Uncaught (in promise) Error: Could not instantiate: ProductRegistryImpl.Registry", source: chrome-devtools://devtools/shell.js (108)
[0914/065112.422:ERROR:shader_disk_cache.cc(258)] Failed to create shader cache entry: -2
[0914/065125.541:INFO:CONSOLE(57)] "undefined", source: file:///C:/Users/Administrator/Documents/Visual%20Studio%202015/Projects/CEF_test/CEF_test/bin/x86/Release/pugongying/js/table.js (57)
[0914/065125.542:INFO:CONSOLE(58)] "[object Object]", source: file:///C:/Users/Administrator/Documents/Visual%20Studio%202015/Projects/CEF_test/CEF_test/bin/x86/Release/pugongying/js/table.js (58)
[0914/065125.542:INFO:CONSOLE(59)] "[object Object]", source: file:///C:/Users/Administrator/Documents/Visual%20Studio%202015/Projects/CEF_test/CEF_test/bin/x86/Release/pugongying/js/table.js (59)
[0914/065233.159:INFO:CONSOLE(1)] "Uncaught SyntaxError: Unexpected identifier", source: file:///C:/Users/Administrator/Documents/Visual%20Studio%202015/Projects/CEF_test/CEF_test/bin/x86/Release/pugongying/index.html (1)
[0914/065234.710:INFO:CONSOLE(1)] "Uncaught SyntaxError: Unexpected identifier", source: file:///C:/Users/Administrator/Documents/Visual%20Studio%202015/Projects/CEF_test/CEF_test/bin/x86/Release/pugongying/index.html (1)
[0914/065244.083:ERROR:browser_process_sub_thread.cc(221)] Waited 23 ms for network service
[0914/071218.280:INFO:CONSOLE(75)] "Uncaught TypeError: layer.getRowData is not a function", source: file:///C:/Users/Administrator/Documents/Visual%20Studio%202015/Projects/CEF_test/CEF_test/bin/x86/Release/pugongying/js/table.js (75)
[0914/071432.752:ERROR:browser_process_sub_thread.cc(221)] Waited 24 ms for network service
[0914/071452.766:ERROR:browser_process_sub_thread.cc(221)] Waited 26 ms for network service
[0914/072358.475:INFO:CONSOLE(79)] "Uncaught TypeError: layer.getRowData is not a function", source: file:///C:/Users/Administrator/Documents/Visual%20Studio%202015/Projects/CEF_test/CEF_test/bin/x86/Release/pugongying/js/table.js (79)
[0914/075339.645:INFO:CONSOLE(145)] "Uncaught ReferenceError: i is not defined", source: file:///C:/Users/Administrator/Documents/Visual%20Studio%202015/Projects/CEF_test/CEF_test/bin/x86/Release/pugongying/js/table.js (145)
[0914/075953.657:ERROR:browser_process_sub_thread.cc(221)] Waited 23 ms for network service
[0914/080401.882:ERROR:browser_process_sub_thread.cc(221)] Waited 24 ms for network service
[0914/080610.418:INFO:CONSOLE(48)] "Uncaught TypeError: Cannot set property 'className' of null", source: file:///C:/Users/Administrator/Documents/Visual%20Studio%202015/Projects/CEF_test/CEF_test/bin/x86/Release/pugongying/js/hxjzg.js (48)
[0914/080610.432:INFO:CONSOLE(48)] "Uncaught TypeError: Cannot set property 'className' of null", source: file:///C:/Users/Administrator/Documents/Visual%20Studio%202015/Projects/CEF_test/CEF_test/bin/x86/Release/pugongying/js/hxjzg.js (48)
[0914/080610.448:INFO:CONSOLE(48)] "Uncaught TypeError: Cannot set property 'className' of null", source: file:///C:/Users/Administrator/Documents/Visual%20Studio%202015/Projects/CEF_test/CEF_test/bin/x86/Release/pugongying/js/hxjzg.js (48)
[0914/080610.463:INFO:CONSOLE(48)] "Uncaught TypeError: Cannot set property 'className' of null", source: file:///C:/Users/Administrator/Documents/Visual%20Studio%202015/Projects/CEF_test/CEF_test/bin/x86/Release/pugongying/js/hxjzg.js (48)
[0914/080610.482:INFO:CONSOLE(48)] "Uncaught TypeError: Cannot set property 'className' of null", source: file:///C:/Users/Administrator/Documents/Visual%20Studio%202015/Projects/CEF_test/CEF_test/bin/x86/Release/pugongying/js/hxjzg.js (48)
[0914/080610.498:INFO:CONSOLE(48)] "Uncaught TypeError: Cannot set property 'className' of null", source: file:///C:/Users/Administrator/Documents/Visual%20Studio%202015/Projects/CEF_test/CEF_test/bin/x86/Release/pugongying/js/hxjzg.js (48)
[0914/080610.513:INFO:CONSOLE(48)] "Uncaught TypeError: Cannot set property 'className' of null", source: file:///C:/Users/Administrator/Documents/Visual%20Studio%202015/Projects/CEF_test/CEF_test/bin/x86/Release/pugongying/js/hxjzg.js (48)
[0914/080610.532:INFO:CONSOLE(48)] "Uncaught TypeError: Cannot set property 'className' of null", source: file:///C:/Users/Administrator/Documents/Visual%20Studio%202015/Projects/CEF_test/CEF_test/bin/x86/Release/pugongying/js/hxjzg.js (48)
[0914/080610.650:INFO:CONSOLE(48)] "Uncaught TypeError: Cannot set property 'className' of null", source: file:///C:/Users/Administrator/Documents/Visual%20Studio%202015/Projects/CEF_test/CEF_test/bin/x86/Release/pugongying/js/hxjzg.js (48)
[0914/080610.650:INFO:CONSOLE(48)] "Uncaught TypeError: Cannot set property 'className' of null", source: file:///C:/Users/Administrator/Documents/Visual%20Studio%202015/Projects/CEF_test/CEF_test/bin/x86/Release/pugongying/js/hxjzg.js (48)
[0914/080610.651:INFO:CONSOLE(48)] "Uncaught TypeError: Cannot set property 'className' of null", source: file:///C:/Users/Administrator/Documents/Visual%20Studio%202015/Projects/CEF_test/CEF_test/bin/x86/Release/pugongying/js/hxjzg.js (48)
[0914/080610.651:INFO:CONSOLE(48)] "Uncaught TypeError: Cannot set property 'className' of null", source: file:///C:/Users/Administrator/Documents/Visual%20Studio%202015/Projects/CEF_test/CEF_test/bin/x86/Release/pugongying/js/hxjzg.js (48)
[0914/080610.996:INFO:CONSOLE(48)] "Uncaught TypeError: Cannot set property 'className' of null", source: file:///C:/Users/Administrator/Documents/Visual%20Studio%202015/Projects/CEF_test/CEF_test/bin/x86/Release/pugongying/js/hxjzg.js (48)
[0914/080611.014:INFO:CONSOLE(48)] "Uncaught TypeError: Cannot set property 'className' of null", source: file:///C:/Users/Administrator/Documents/Visual%20Studio%202015/Projects/CEF_test/CEF_test/bin/x86/Release/pugongying/js/hxjzg.js (48)
[0914/080611.031:INFO:CONSOLE(48)] "Uncaught TypeError: Cannot set property 'className' of null", source: file:///C:/Users/Administrator/Documents/Visual%20Studio%202015/Projects/CEF_test/CEF_test/bin/x86/Release/pugongying/js/hxjzg.js (48)
[0914/080611.049:INFO:CONSOLE(48)] "Uncaught TypeError: Cannot set property 'className' of null", source: file:///C:/Users/Administrator/Documents/Visual%20Studio%202015/Projects/CEF_test/CEF_test/bin/x86/Release/pugongying/js/hxjzg.js (48)
[0914/080611.063:INFO:CONSOLE(48)] "Uncaught TypeError: Cannot set property 'className' of null", source: file:///C:/Users/Administrator/Documents/Visual%20Studio%202015/Projects/CEF_test/CEF_test/bin/x86/Release/pugongying/js/hxjzg.js (48)
[0914/080611.081:INFO:CONSOLE(48)] "Uncaught TypeError: Cannot set property 'className' of null", source: file:///C:/Users/Administrator/Documents/Visual%20Studio%202015/Projects/CEF_test/CEF_test/bin/x86/Release/pugongying/js/hxjzg.js (48)
[0914/080611.097:INFO:CONSOLE(48)] "Uncaught TypeError: Cannot set property 'className' of null", source: file:///C:/Users/Administrator/Documents/Visual%20Studio%202015/Projects/CEF_test/CEF_test/bin/x86/Release/pugongying/js/hxjzg.js (48)
[0914/080611.112:INFO:CONSOLE(48)] "Uncaught TypeError: Cannot set property 'className' of null", source: file:///C:/Users/Administrator/Documents/Visual%20Studio%202015/Projects/CEF_test/CEF_test/bin/x86/Release/pugongying/js/hxjzg.js (48)
[0914/080611.251:INFO:CONSOLE(48)] "Uncaught TypeError: Cannot set property 'className' of null", source: file:///C:/Users/Administrator/Documents/Visual%20Studio%202015/Projects/CEF_test/CEF_test/bin/x86/Release/pugongying/js/hxjzg.js (48)
[0914/080611.251:INFO:CONSOLE(48)] "Uncaught TypeError: Cannot set property 'className' of null", source: file:///C:/Users/Administrator/Documents/Visual%20Studio%202015/Projects/CEF_test/CEF_test/bin/x86/Release/pugongying/js/hxjzg.js (48)
[0914/080611.252:INFO:CONSOLE(48)] "Uncaught TypeError: Cannot set property 'className' of null", source: file:///C:/Users/Administrator/Documents/Visual%20Studio%202015/Projects/CEF_test/CEF_test/bin/x86/Release/pugongying/js/hxjzg.js (48)
[0914/080611.252:INFO:CONSOLE(49)] "Uncaught TypeError: Cannot set property 'className' of null", source: file:///C:/Users/Administrator/Documents/Visual%20Studio%202015/Projects/CEF_test/CEF_test/bin/x86/Release/pugongying/js/hxjzg.js (49)
[0914/080618.523:ERROR:browser_process_sub_thread.cc(221)] Waited 24 ms for network service
[0914/083455.091:INFO:CONSOLE(96)] "Uncaught Error: System.InvalidOperationException: Could not execute method: returnData(@WSX3edc)  ---> System.Reflection.TargetInvocationException: 调用的目标发生了异常。 ---> System.Data.OleDb.OleDbException: 至少一个参数没有被指定值。
   在 System.Data.OleDb.OleDbCommand.ExecuteCommandTextErrorHandling(OleDbHResult hr)
   在 System.Data.OleDb.OleDbCommand.ExecuteCommandTextForSingleResult(tagDBPARAMS dbParams, Object& executeResult)
   在 System.Data.OleDb.OleDbCommand.ExecuteCommandText(Object& executeResult)
   在 System.Data.OleDb.OleDbCommand.ExecuteCommand(CommandBehavior behavior, Object& executeResult)
   在 System.Data.OleDb.OleDbCommand.ExecuteReaderInternal(CommandBehavior behavior, String method)
   在 System.Data.OleDb.OleDbCommand.ExecuteReader(CommandBehavior behavior)
   在 System.Data.OleDb.OleDbCommand.System.Data.IDbCommand.ExecuteReader(CommandBehavior behavior)
   在 System.Data.Common.DbDataAdapter.FillInternal(DataSet dataset, DataTable[] datatables, Int32 startRecord, Int32 maxRecords, String srcTable, IDbCommand command, CommandBehavior behavior)
   在 System.Data.Common.DbDataAdapter.Fill(DataTable[] dataTables, Int32 startRecord, Int32 maxRecords, IDbCommand command, CommandBehavior behavior)
   在 System.Data.Common.DbDataAdapter.Fill(DataTable dataTable)
   在 CEF_test.CefConnectAccess.getTableData(String password) 位置 C:\Users\Administrator\Documents\Visual Studio 2015\Projects\CEF_test\CEF_test\CefConnectAccess.cs:行号 22
   在 CEF_test.CefCustomObject.returnData(String password) 位置 C:\Users\Administrator\Documents\Visual Studio 2015\Projects\CEF_test\CEF_test\CefCustomObject.cs:行号 40
   --- 内部异常堆栈跟踪的结尾 ---
   在 System.RuntimeMethodHandle.InvokeMethod(Object target, Object[] arguments, Signature sig, Boolean constructor)
   在 System.Reflection.RuntimeMethodInfo.UnsafeInvokeInternal(Object obj, Object[] parameters, Object[] arguments)
   在 System.Reflection.RuntimeMethodInfo.Invoke(Object obj, BindingFlags invokeAttr, Binder binder, Object[] parameters, CultureInfo culture)
   在 System.Reflection.MethodBase.Invoke(Object obj, Object[] parameters)
   在 CefSharp.Internals.JavascriptObjectRepository.TryCallMethod(Int64 objectId, String name, Object[] parameters, Object& result, String& exception) 位置 C:\projects\cefsharp\CefSharp\Internals\JavascriptObjectRepository.cs:行号 301
   --- 内部异常堆栈跟踪的结尾 ---
   在 CefSharp.Internals.JavascriptObjectRepository.TryCallMethod(Int64 objectId, String name, Object[] parameters, Object& result, String& exception) 位置 C:\projects\cefsharp\CefSharp\Internals\JavascriptObjectRepository.cs:行号 310", source: file:///C:/Users/Administrator/Documents/Visual%20Studio%202015/Projects/CEF_test/CEF_test/bin/x86/Release/pugongying/js/table.js (96)
[0914/083501.860:INFO:CONSOLE(96)] "Uncaught Error: System.InvalidOperationException: Could not execute method: returnData(@WSX3edc)  ---> System.Reflection.TargetInvocationException: 调用的目标发生了异常。 ---> System.Data.OleDb.OleDbException: 至少一个参数没有被指定值。
   在 System.Data.OleDb.OleDbCommand.ExecuteCommandTextErrorHandling(OleDbHResult hr)
   在 System.Data.OleDb.OleDbCommand.ExecuteCommandTextForSingleResult(tagDBPARAMS dbParams, Object& executeResult)
   在 System.Data.OleDb.OleDbCommand.ExecuteCommandText(Object& executeResult)
   在 System.Data.OleDb.OleDbCommand.ExecuteCommand(CommandBehavior behavior, Object& executeResult)
   在 System.Data.OleDb.OleDbCommand.ExecuteReaderInternal(CommandBehavior behavior, String method)
   在 System.Data.OleDb.OleDbCommand.ExecuteReader(CommandBehavior behavior)
   在 System.Data.OleDb.OleDbCommand.System.Data.IDbCommand.ExecuteReader(CommandBehavior behavior)
   在 System.Data.Common.DbDataAdapter.FillInternal(DataSet dataset, DataTable[] datatables, Int32 startRecord, Int32 maxRecords, String srcTable, IDbCommand command, CommandBehavior behavior)
   在 System.Data.Common.DbDataAdapter.Fill(DataTable[] dataTables, Int32 startRecord, Int32 maxRecords, IDbCommand command, CommandBehavior behavior)
   在 System.Data.Common.DbDataAdapter.Fill(DataTable dataTable)
   在 CEF_test.CefConnectAccess.getTableData(String password) 位置 C:\Users\Administrator\Documents\Visual Studio 2015\Projects\CEF_test\CEF_test\CefConnectAccess.cs:行号 22
   在 CEF_test.CefCustomObject.returnData(String password) 位置 C:\Users\Administrator\Documents\Visual Studio 2015\Projects\CEF_test\CEF_test\CefCustomObject.cs:行号 40
   --- 内部异常堆栈跟踪的结尾 ---
   在 System.RuntimeMethodHandle.InvokeMethod(Object target, Object[] arguments, Signature sig, Boolean constructor)
   在 System.Reflection.RuntimeMethodInfo.UnsafeInvokeInternal(Object obj, Object[] parameters, Object[] arguments)
   在 System.Reflection.RuntimeMethodInfo.Invoke(Object obj, BindingFlags invokeAttr, Binder binder, Object[] parameters, CultureInfo culture)
   在 System.Reflection.MethodBase.Invoke(Object obj, Object[] parameters)
   在 CefSharp.Internals.JavascriptObjectRepository.TryCallMethod(Int64 objectId, String name, Object[] parameters, Object& result, String& exception) 位置 C:\projects\cefsharp\CefSharp\Internals\JavascriptObjectRepository.cs:行号 301
   --- 内部异常堆栈跟踪的结尾 ---
   在 CefSharp.Internals.JavascriptObjectRepository.TryCallMethod(Int64 objectId, String name, Object[] parameters, Object& result, String& exception) 位置 C:\projects\cefsharp\CefSharp\Internals\JavascriptObjectRepository.cs:行号 310", source: file:///C:/Users/Administrator/Documents/Visual%20Studio%202015/Projects/CEF_test/CEF_test/bin/x86/Release/pugongying/js/table.js (96)
[0914/083635.181:INFO:CONSOLE(96)] "Uncaught Error: System.InvalidOperationException: Could not execute method: returnData(@WSX3edc)  ---> System.Reflection.TargetInvocationException: 调用的目标发生了异常。 ---> System.Data.OleDb.OleDbException: 至少一个参数没有被指定值。
   在 System.Data.OleDb.OleDbCommand.ExecuteCommandTextErrorHandling(OleDbHResult hr)
   在 System.Data.OleDb.OleDbCommand.ExecuteCommandTextForSingleResult(tagDBPARAMS dbParams, Object& executeResult)
   在 System.Data.OleDb.OleDbCommand.ExecuteCommandText(Object& executeResult)
   在 System.Data.OleDb.OleDbCommand.ExecuteCommand(CommandBehavior behavior, Object& executeResult)
   在 System.Data.OleDb.OleDbCommand.ExecuteReaderInternal(CommandBehavior behavior, String method)
   在 System.Data.OleDb.OleDbCommand.ExecuteReader(CommandBehavior behavior)
   在 System.Data.OleDb.OleDbCommand.System.Data.IDbCommand.ExecuteReader(CommandBehavior behavior)
   在 System.Data.Common.DbDataAdapter.FillInternal(DataSet dataset, DataTable[] datatables, Int32 startRecord, Int32 maxRecords, String srcTable, IDbCommand command, CommandBehavior behavior)
   在 System.Data.Common.DbDataAdapter.Fill(DataTable[] dataTables, Int32 startRecord, Int32 maxRecords, IDbCommand command, CommandBehavior behavior)
   在 System.Data.Common.DbDataAdapter.Fill(DataTable dataTable)
   在 CEF_test.CefConnectAccess.getTableData(String password) 位置 C:\Users\Administrator\Documents\Visual Studio 2015\Projects\CEF_test\CEF_test\CefConnectAccess.cs:行号 22
   在 CEF_test.CefCustomObject.returnData(String password) 位置 C:\Users\Administrator\Documents\Visual Studio 2015\Projects\CEF_test\CEF_test\CefCustomObject.cs:行号 40
   --- 内部异常堆栈跟踪的结尾 ---
   在 System.RuntimeMethodHandle.InvokeMethod(Object target, Object[] arguments, Signature sig, Boolean constructor)
   在 System.Reflection.RuntimeMethodInfo.UnsafeInvokeInternal(Object obj, Object[] parameters, Object[] arguments)
   在 System.Reflection.RuntimeMethodInfo.Invoke(Object obj, BindingFlags invokeAttr, Binder binder, Object[] parameters, CultureInfo culture)
   在 System.Reflection.MethodBase.Invoke(Object obj, Object[] parameters)
   在 CefSharp.Internals.JavascriptObjectRepository.TryCallMethod(Int64 objectId, String name, Object[] parameters, Object& result, String& exception) 位置 C:\projects\cefsharp\CefSharp\Internals\JavascriptObjectRepository.cs:行号 301
   --- 内部异常堆栈跟踪的结尾 ---
   在 CefSharp.Internals.JavascriptObjectRepository.TryCallMethod(Int64 objectId, String name, Object[] parameters, Object& result, String& exception) 位置 C:\projects\cefsharp\CefSharp\Internals\JavascriptObjectRepository.cs:行号 310", source: file:///C:/Users/Administrator/Documents/Visual%20Studio%202015/Projects/CEF_test/CEF_test/bin/x86/Release/pugongying/js/table.js (96)
[0914/084206.770:ERROR:broker_win.cc(55)] Error reading broker pipe: ܵѽ (0x6D)
[0914/084324.303:INFO:CONSOLE(70)] "Uncaught TypeError: $(...).jqgrid is not a function", source: file:///C:/Users/Administrator/Documents/Visual%20Studio%202015/Projects/CEF_test/CEF_test/bin/x86/Release/pugongying/js/table.js (70)
[0914/084345.454:INFO:CONSOLE(70)] "Uncaught TypeError: $(...).jqgrid is not a function", source: file:///C:/Users/Administrator/Documents/Visual%20Studio%202015/Projects/CEF_test/CEF_test/bin/x86/Release/pugongying/js/table.js (70)
[0914/084447.491:INFO:CONSOLE(70)] "Uncaught TypeError: $(...).jqgrid is not a function", source: file:///C:/Users/Administrator/Documents/Visual%20Studio%202015/Projects/CEF_test/CEF_test/bin/x86/Release/pugongying/js/table.js (70)
[0914/084502.128:INFO:CONSOLE(70)] "Uncaught TypeError: $(...).jqgrid is not a function", source: file:///C:/Users/Administrator/Documents/Visual%20Studio%202015/Projects/CEF_test/CEF_test/bin/x86/Release/pugongying/js/table.js (70)
[0914/084707.179:INFO:CONSOLE(70)] "Uncaught TypeError: $(...).jqgrid is not a function", source: file:///C:/Users/Administrator/Documents/Visual%20Studio%202015/Projects/CEF_test/CEF_test/bin/x86/Release/pugongying/js/table.js (70)
[0914/084744.469:ERROR:browser_process_sub_thread.cc(221)] Waited 25 ms for network service
[0914/085346.107:ERROR:browser_process_sub_thread.cc(221)] Waited 23 ms for network service
[0914/091748.865:ERROR:gles2_cmd_decoder.cc(18524)] [.DisplayCompositor]GL ERROR :GL_INVALID_OPERATION : glCreateAndConsumeTextureCHROMIUM: invalid mailbox name
[0914/091748.866:ERROR:gles2_cmd_decoder.cc(10797)] [.DisplayCompositor]RENDER WARNING: texture bound to texture unit 0 is not renderable. It maybe non-power-of-2 and have incompatible texture filtering.
[0914/092100.591:ERROR:browser_process_sub_thread.cc(221)] Waited 24 ms for network service
[0916/215800.671:ERROR:browser_process_sub_thread.cc(221)] Waited 27 ms for network service
